2024-11-09 17:33:00,604:WARNING:
'cuml' is a soft dependency and not included in the pycaret installation. Please run: `pip install cuml` to install.
2024-11-09 17:33:00,605:WARNING:
'cuml' is a soft dependency and not included in the pycaret installation. Please run: `pip install cuml` to install.
2024-11-09 17:33:00,605:WARNING:
'cuml' is a soft dependency and not included in the pycaret installation. Please run: `pip install cuml` to install.
2024-11-09 17:33:00,605:WARNING:
'cuml' is a soft dependency and not included in the pycaret installation. Please run: `pip install cuml` to install.
2024-11-09 18:27:46,362:INFO:PyCaret Supervised Module
2024-11-09 18:27:46,366:INFO:ML Usecase: classification
2024-11-09 18:27:46,366:INFO:version 2.3.10
2024-11-09 18:27:46,366:INFO:Initializing setup()
2024-11-09 18:27:46,366:INFO:setup(target=Success, ml_usecase=classification, available_plots={'parameter': 'Hyperparameters', 'auc': 'AUC', 'confusion_matrix': 'Confusion Matrix', 'threshold': 'Threshold', 'pr': 'Precision Recall', 'error': 'Prediction Error', 'class_report': 'Class Report', 'rfe': 'Feature Selection', 'learning': 'Learning Curve', 'manifold': 'Manifold Learning', 'calibration': 'Calibration Curve', 'vc': 'Validation Curve', 'dimension': 'Dimensions', 'feature': 'Feature Importance', 'feature_all': 'Feature Importance (All)', 'boundary': 'Decision Boundary', 'lift': 'Lift Chart', 'gain': 'Gain Chart', 'tree': 'Decision Tree', 'ks': 'KS Statistic Plot'}, train_size=0.8, test_data=None, preprocess=True, imputation_type=simple, iterative_imputation_iters=5, categorical_features=None, categorical_imputation=constant, categorical_iterative_imputer=lightgbm, ordinal_features=None, high_cardinality_features=None, high_cardinality_method=frequency, numeric_features=None, numeric_imputation=mean, numeric_iterative_imputer=lightgbm, date_features=None, ignore_features=UID, normalize=True, normalize_method=minmax, transformation=False, transformation_method=yeo-johnson, handle_unknown_categorical=True, unknown_categorical_method=least_frequent, pca=False, pca_method=linear, pca_components=None, ignore_low_variance=False, combine_rare_levels=False, rare_level_threshold=0.1, bin_numeric_features=None, remove_outliers=True, outliers_threshold=0.05, remove_multicollinearity=True, multicollinearity_threshold=0.9, remove_perfect_collinearity=True, create_clusters=False, cluster_iter=20, polynomial_features=False, polynomial_degree=2, trigonometry_features=False, polynomial_threshold=0.1, group_features=None, group_names=None, feature_selection=False, feature_selection_threshold=0.8, feature_selection_method=classic, feature_interaction=False, feature_ratio=False, interaction_threshold=0.01, fix_imbalance=True, fix_imbalance_method=None, transform_target=False, transform_target_method=box-cox, data_split_shuffle=True, data_split_stratify=False, fold_strategy=stratifiedkfold, fold=5, fold_shuffle=True, fold_groups=None, n_jobs=-1, use_gpu=False, custom_pipeline=None, html=True, session_id=123, log_experiment=False, experiment_name=None, experiment_custom_tags=None, log_plots=False, log_profile=False, log_data=False, silent=True, verbose=True, profile=False, profile_kwargs=None, display=None)
2024-11-09 18:27:46,366:INFO:Checking environment
2024-11-09 18:27:46,366:INFO:python_version: 3.8.0
2024-11-09 18:27:46,366:INFO:python_build: ('default', 'Nov  6 2019 15:49:01')
2024-11-09 18:27:46,366:INFO:machine: x86_64
2024-11-09 18:27:46,366:INFO:platform: macOS-10.16-x86_64-i386-64bit
2024-11-09 18:27:46,367:INFO:Memory: svmem(total=17179869184, available=844042240, percent=95.1, used=1688190976, free=16007168, active=832057344, inactive=823877632, wired=856133632)
2024-11-09 18:27:46,367:INFO:Physical Core: 8
2024-11-09 18:27:46,367:INFO:Logical Core: 8
2024-11-09 18:27:46,367:INFO:Checking libraries
2024-11-09 18:27:46,367:INFO:pd==1.4.4
2024-11-09 18:27:46,367:INFO:numpy==1.19.5
2024-11-09 18:27:46,367:INFO:sklearn==0.23.2
2024-11-09 18:27:46,367:INFO:lightgbm==2.3.1
2024-11-09 18:27:49,562:INFO:catboost==1.1
2024-11-09 18:27:49,562:INFO:xgboost==1.6.2
2024-11-09 18:27:49,563:INFO:mlflow==1.29.0
2024-11-09 18:27:49,563:INFO:Checking Exceptions
2024-11-09 18:28:53,546:INFO:PyCaret Supervised Module
2024-11-09 18:28:53,547:INFO:ML Usecase: classification
2024-11-09 18:28:53,547:INFO:version 2.3.10
2024-11-09 18:28:53,547:INFO:Initializing setup()
2024-11-09 18:28:53,547:INFO:setup(target=Success, ml_usecase=classification, available_plots={'parameter': 'Hyperparameters', 'auc': 'AUC', 'confusion_matrix': 'Confusion Matrix', 'threshold': 'Threshold', 'pr': 'Precision Recall', 'error': 'Prediction Error', 'class_report': 'Class Report', 'rfe': 'Feature Selection', 'learning': 'Learning Curve', 'manifold': 'Manifold Learning', 'calibration': 'Calibration Curve', 'vc': 'Validation Curve', 'dimension': 'Dimensions', 'feature': 'Feature Importance', 'feature_all': 'Feature Importance (All)', 'boundary': 'Decision Boundary', 'lift': 'Lift Chart', 'gain': 'Gain Chart', 'tree': 'Decision Tree', 'ks': 'KS Statistic Plot'}, train_size=0.8, test_data=None, preprocess=True, imputation_type=simple, iterative_imputation_iters=5, categorical_features=None, categorical_imputation=constant, categorical_iterative_imputer=lightgbm, ordinal_features=None, high_cardinality_features=None, high_cardinality_method=frequency, numeric_features=None, numeric_imputation=mean, numeric_iterative_imputer=lightgbm, date_features=None, ignore_features=None, normalize=True, normalize_method=minmax, transformation=False, transformation_method=yeo-johnson, handle_unknown_categorical=True, unknown_categorical_method=least_frequent, pca=False, pca_method=linear, pca_components=None, ignore_low_variance=False, combine_rare_levels=False, rare_level_threshold=0.1, bin_numeric_features=None, remove_outliers=True, outliers_threshold=0.05, remove_multicollinearity=True, multicollinearity_threshold=0.9, remove_perfect_collinearity=True, create_clusters=False, cluster_iter=20, polynomial_features=False, polynomial_degree=2, trigonometry_features=False, polynomial_threshold=0.1, group_features=None, group_names=None, feature_selection=False, feature_selection_threshold=0.8, feature_selection_method=classic, feature_interaction=False, feature_ratio=False, interaction_threshold=0.01, fix_imbalance=True, fix_imbalance_method=None, transform_target=False, transform_target_method=box-cox, data_split_shuffle=True, data_split_stratify=False, fold_strategy=stratifiedkfold, fold=5, fold_shuffle=True, fold_groups=None, n_jobs=-1, use_gpu=False, custom_pipeline=None, html=True, session_id=123, log_experiment=False, experiment_name=None, experiment_custom_tags=None, log_plots=False, log_profile=False, log_data=False, silent=True, verbose=True, profile=False, profile_kwargs=None, display=None)
2024-11-09 18:28:53,547:INFO:Checking environment
2024-11-09 18:28:53,547:INFO:python_version: 3.8.0
2024-11-09 18:28:53,547:INFO:python_build: ('default', 'Nov  6 2019 15:49:01')
2024-11-09 18:28:53,548:INFO:machine: x86_64
2024-11-09 18:28:53,548:INFO:platform: macOS-10.16-x86_64-i386-64bit
2024-11-09 18:28:53,548:INFO:Memory: svmem(total=17179869184, available=791146496, percent=95.4, used=1651036160, free=12009472, active=783347712, inactive=771457024, wired=867688448)
2024-11-09 18:28:53,548:INFO:Physical Core: 8
2024-11-09 18:28:53,548:INFO:Logical Core: 8
2024-11-09 18:28:53,548:INFO:Checking libraries
2024-11-09 18:28:53,548:INFO:pd==1.4.4
2024-11-09 18:28:53,548:INFO:numpy==1.19.5
2024-11-09 18:28:53,548:INFO:sklearn==0.23.2
2024-11-09 18:28:53,548:INFO:lightgbm==2.3.1
2024-11-09 18:28:53,548:INFO:catboost==1.1
2024-11-09 18:28:53,548:INFO:xgboost==1.6.2
2024-11-09 18:28:53,548:INFO:mlflow==1.29.0
2024-11-09 18:28:53,548:INFO:Checking Exceptions
2024-11-09 18:28:53,549:INFO:Declaring global variables
2024-11-09 18:28:53,549:INFO:USI: 777e
2024-11-09 18:28:53,549:INFO:pycaret_globals: {'fold_groups_param', 'master_model_container', '_all_models_internal', 'pycaret_globals', 'display_container', 'imputation_classifier', 'logging_param', 'prep_pipe', 'X_test', '_all_metrics', 'fold_param', 'y_train', 'imputation_regressor', 'fix_imbalance_param', 'iterative_imputation_iters_param', 'target_param', 'gpu_param', 'USI', 'fold_shuffle_param', 'fold_groups_param_full', 'transform_target_param', 'log_plots_param', 'n_jobs_param', 'exp_name_log', 'fix_imbalance_method_param', 'X_train', 'y', 'data_before_preprocess', 'y_test', 'transform_target_method_param', '_available_plots', 'stratify_param', 'X', '_internal_pipeline', '_ml_usecase', 'html_param', '_gpu_n_jobs_param', 'create_model_container', 'experiment__', 'fold_generator', '_all_models', 'dashboard_logger', 'seed'}
2024-11-09 18:28:53,549:INFO:Preparing display monitor
2024-11-09 18:28:53,549:INFO:Preparing display monitor
2024-11-09 18:28:53,561:INFO:Importing libraries
2024-11-09 18:28:53,561:INFO:Copying data for preprocessing
2024-11-09 18:28:53,568:INFO:Declaring preprocessing parameters
2024-11-09 18:28:53,571:INFO:Creating preprocessing pipeline
2024-11-09 18:28:53,614:INFO:Preprocessing pipeline created successfully
2024-11-09 18:28:53,615:ERROR:(Process Exit): setup has been interupted with user command 'quit'. setup must rerun.
2024-11-09 18:28:53,615:INFO:Creating global containers
2024-11-09 18:28:53,619:INFO:Internal pipeline: Pipeline(memory=None,
         steps=[('fix_imbalance',
                 SMOTE(k_neighbors=5, n_jobs=None, random_state=123,
                       sampling_strategy='auto'))],
         verbose=False)
2024-11-09 18:28:54,528:INFO:Creating grid variables
2024-11-09 18:28:54,537:INFO:create_model_container: 0
2024-11-09 18:28:54,537:INFO:master_model_container: 0
2024-11-09 18:28:54,537:INFO:display_container: 1
2024-11-09 18:28:54,540:INFO:Pipeline(memory=None,
         steps=[('dtypes',
                 DataTypes_Auto_infer(categorical_features=[],
                                      display_types=False, features_todrop=[],
                                      id_columns=[],
                                      ml_usecase='classification',
                                      numerical_features=[], target='Success',
                                      time_features=[])),
                ('imputer',
                 Simple_Imputer(categorical_strategy='not_available',
                                fill_value_categorical=None,
                                fill_value_numerical=None,
                                numeric_str...
                ('dummy', Dummify(target='Success')),
                ('fix_perfect', Remove_100(target='Success')),
                ('clean_names', Clean_Colum_Names()),
                ('feature_select', 'passthrough'),
                ('fix_multi',
                 Fix_multicollinearity(correlation_with_target_preference=None,
                                       correlation_with_target_threshold=0.0,
                                       target_variable='Success',
                                       threshold=0.9)),
                ('dfs', 'passthrough'), ('pca', 'passthrough')],
         verbose=False)
2024-11-09 18:28:54,541:INFO:setup() succesfully completed......................................
2024-11-09 18:58:47,028:WARNING:
'cuml' is a soft dependency and not included in the pycaret installation. Please run: `pip install cuml` to install.
2024-11-09 18:58:47,028:WARNING:
'cuml' is a soft dependency and not included in the pycaret installation. Please run: `pip install cuml` to install.
2024-11-09 18:58:47,028:WARNING:
'cuml' is a soft dependency and not included in the pycaret installation. Please run: `pip install cuml` to install.
2024-11-09 18:58:47,028:WARNING:
'cuml' is a soft dependency and not included in the pycaret installation. Please run: `pip install cuml` to install.
2024-11-09 19:00:28,009:WARNING:
'cuml' is a soft dependency and not included in the pycaret installation. Please run: `pip install cuml` to install.
2024-11-09 19:00:28,009:WARNING:
'cuml' is a soft dependency and not included in the pycaret installation. Please run: `pip install cuml` to install.
2024-11-09 19:00:28,010:WARNING:
'cuml' is a soft dependency and not included in the pycaret installation. Please run: `pip install cuml` to install.
2024-11-09 19:00:28,010:WARNING:
'cuml' is a soft dependency and not included in the pycaret installation. Please run: `pip install cuml` to install.
2024-11-09 19:00:43,988:INFO:PyCaret ClassificationExperiment
2024-11-09 19:00:43,989:INFO:Logging name: clf-default-name
2024-11-09 19:00:43,989:INFO:ML Usecase: MLUsecase.CLASSIFICATION
2024-11-09 19:00:43,989:INFO:version 3.2.0
2024-11-09 19:00:43,989:INFO:Initializing setup()
2024-11-09 19:00:43,989:INFO:self.USI: ca9c
2024-11-09 19:00:43,989:INFO:self._variable_keys: {'html_param', 'fold_shuffle_param', 'y_train', 'exp_name_log', 'logging_param', 'memory', 'log_plots_param', 'y', 'seed', 'fix_imbalance', 'gpu_n_jobs_param', 'data', 'X_train', 'X', 'fold_groups_param', '_ml_usecase', 'target_param', 'idx', 'USI', '_available_plots', 'X_test', 'is_multiclass', 'pipeline', 'y_test', 'n_jobs_param', 'exp_id', 'gpu_param', 'fold_generator'}
2024-11-09 19:00:43,989:INFO:Checking environment
2024-11-09 19:00:43,989:INFO:python_version: 3.8.20
2024-11-09 19:00:43,989:INFO:python_build: ('default', 'Oct  3 2024 10:25:41')
2024-11-09 19:00:43,989:INFO:machine: x86_64
2024-11-09 19:00:43,989:INFO:platform: macOS-10.16-x86_64-i386-64bit
2024-11-09 19:00:43,989:INFO:Memory: svmem(total=17179869184, available=805601280, percent=95.3, used=1640992768, free=44687360, active=765509632, inactive=750723072, wired=875483136)
2024-11-09 19:00:43,990:INFO:Physical Core: 8
2024-11-09 19:00:43,990:INFO:Logical Core: 8
2024-11-09 19:00:43,990:INFO:Checking libraries
2024-11-09 19:00:43,990:INFO:System:
2024-11-09 19:00:43,990:INFO:    python: 3.8.20 (default, Oct  3 2024, 10:25:41)  [Clang 14.0.6 ]
2024-11-09 19:00:43,990:INFO:executable: /Users/minjoo/opt/anaconda3/envs/venv/bin/python
2024-11-09 19:00:43,990:INFO:   machine: macOS-10.16-x86_64-i386-64bit
2024-11-09 19:00:43,990:INFO:PyCaret required dependencies:
2024-11-09 19:02:17,248:INFO:PyCaret Supervised Module
2024-11-09 19:02:17,249:INFO:ML Usecase: classification
2024-11-09 19:02:17,249:INFO:version 2.3.10
2024-11-09 19:02:17,250:INFO:Initializing setup()
2024-11-09 19:02:17,250:INFO:setup(target=Success, ml_usecase=classification, available_plots={'parameter': 'Hyperparameters', 'auc': 'AUC', 'confusion_matrix': 'Confusion Matrix', 'threshold': 'Threshold', 'pr': 'Precision Recall', 'error': 'Prediction Error', 'class_report': 'Class Report', 'rfe': 'Feature Selection', 'learning': 'Learning Curve', 'manifold': 'Manifold Learning', 'calibration': 'Calibration Curve', 'vc': 'Validation Curve', 'dimension': 'Dimensions', 'feature': 'Feature Importance', 'feature_all': 'Feature Importance (All)', 'boundary': 'Decision Boundary', 'lift': 'Lift Chart', 'gain': 'Gain Chart', 'tree': 'Decision Tree', 'ks': 'KS Statistic Plot'}, train_size=0.8, test_data=None, preprocess=True, imputation_type=simple, iterative_imputation_iters=5, categorical_features=None, categorical_imputation=constant, categorical_iterative_imputer=lightgbm, ordinal_features=None, high_cardinality_features=None, high_cardinality_method=frequency, numeric_features=None, numeric_imputation=mean, numeric_iterative_imputer=lightgbm, date_features=None, ignore_features=None, normalize=True, normalize_method=minmax, transformation=False, transformation_method=yeo-johnson, handle_unknown_categorical=True, unknown_categorical_method=least_frequent, pca=False, pca_method=linear, pca_components=None, ignore_low_variance=False, combine_rare_levels=False, rare_level_threshold=0.1, bin_numeric_features=None, remove_outliers=True, outliers_threshold=0.05, remove_multicollinearity=True, multicollinearity_threshold=0.9, remove_perfect_collinearity=True, create_clusters=False, cluster_iter=20, polynomial_features=False, polynomial_degree=2, trigonometry_features=False, polynomial_threshold=0.1, group_features=None, group_names=None, feature_selection=False, feature_selection_threshold=0.8, feature_selection_method=classic, feature_interaction=False, feature_ratio=False, interaction_threshold=0.01, fix_imbalance=True, fix_imbalance_method=None, transform_target=False, transform_target_method=box-cox, data_split_shuffle=True, data_split_stratify=False, fold_strategy=stratifiedkfold, fold=5, fold_shuffle=True, fold_groups=None, n_jobs=-1, use_gpu=False, custom_pipeline=None, html=True, session_id=123, log_experiment=False, experiment_name=None, experiment_custom_tags=None, log_plots=False, log_profile=False, log_data=False, silent=False, verbose=True, profile=False, profile_kwargs=None, display=None)
2024-11-09 19:02:17,250:INFO:Checking environment
2024-11-09 19:02:17,250:INFO:python_version: 3.8.0
2024-11-09 19:02:17,250:INFO:python_build: ('default', 'Nov  6 2019 15:49:01')
2024-11-09 19:02:17,250:INFO:machine: x86_64
2024-11-09 19:02:17,250:INFO:platform: macOS-10.16-x86_64-i386-64bit
2024-11-09 19:02:17,250:INFO:Memory: svmem(total=17179869184, available=723087360, percent=95.8, used=1607454720, free=12038144, active=713510912, inactive=676585472, wired=893943808)
2024-11-09 19:02:17,250:INFO:Physical Core: 8
2024-11-09 19:02:17,250:INFO:Logical Core: 8
2024-11-09 19:02:17,251:INFO:Checking libraries
2024-11-09 19:02:17,251:INFO:pd==1.4.4
2024-11-09 19:02:17,251:INFO:numpy==1.19.5
2024-11-09 19:02:17,251:INFO:sklearn==0.23.2
2024-11-09 19:02:17,251:INFO:lightgbm==2.3.1
2024-11-09 19:02:18,230:INFO:catboost==1.1
2024-11-09 19:02:18,230:INFO:xgboost==1.6.2
2024-11-09 19:02:18,230:INFO:mlflow==1.29.0
2024-11-09 19:02:18,231:INFO:Checking Exceptions
2024-11-09 19:02:18,231:INFO:Declaring global variables
2024-11-09 19:02:18,231:INFO:USI: 9e55
2024-11-09 19:02:18,231:INFO:pycaret_globals: {'_all_models_internal', 'fold_generator', 'create_model_container', 'n_jobs_param', 'target_param', 'y_test', 'fix_imbalance_method_param', 'stratify_param', 'fold_shuffle_param', 'log_plots_param', 'prep_pipe', 'fold_groups_param_full', 'html_param', '_ml_usecase', 'logging_param', '_all_models', 'y', 'seed', 'experiment__', '_internal_pipeline', 'iterative_imputation_iters_param', 'imputation_classifier', 'display_container', 'master_model_container', 'transform_target_param', 'fix_imbalance_param', '_available_plots', 'imputation_regressor', 'X_train', 'X', 'USI', '_all_metrics', 'pycaret_globals', 'dashboard_logger', '_gpu_n_jobs_param', 'fold_groups_param', 'transform_target_method_param', 'gpu_param', 'exp_name_log', 'y_train', 'data_before_preprocess', 'fold_param', 'X_test'}
2024-11-09 19:02:18,231:INFO:Preparing display monitor
2024-11-09 19:02:18,231:INFO:Preparing display monitor
2024-11-09 19:02:18,242:INFO:Importing libraries
2024-11-09 19:02:18,242:INFO:Copying data for preprocessing
2024-11-09 19:02:18,247:INFO:Declaring preprocessing parameters
2024-11-09 19:02:18,250:INFO:Creating preprocessing pipeline
2024-11-09 19:02:18,283:INFO:Preprocessing pipeline created successfully
2024-11-09 19:02:18,283:ERROR:(Process Exit): setup has been interupted with user command 'quit'. setup must rerun.
2024-11-09 19:02:18,283:INFO:Creating global containers
2024-11-09 19:02:18,285:INFO:Internal pipeline: Pipeline(memory=None,
         steps=[('fix_imbalance',
                 SMOTE(k_neighbors=5, n_jobs=None, random_state=123,
                       sampling_strategy='auto'))],
         verbose=False)
2024-11-09 19:02:22,000:INFO:Creating grid variables
2024-11-09 19:02:22,009:INFO:create_model_container: 0
2024-11-09 19:02:22,009:INFO:master_model_container: 0
2024-11-09 19:02:22,009:INFO:display_container: 1
2024-11-09 19:02:22,012:INFO:Pipeline(memory=None,
         steps=[('dtypes',
                 DataTypes_Auto_infer(categorical_features=[],
                                      display_types=True, features_todrop=[],
                                      id_columns=[],
                                      ml_usecase='classification',
                                      numerical_features=[], target='Success',
                                      time_features=[])),
                ('imputer',
                 Simple_Imputer(categorical_strategy='not_available',
                                fill_value_categorical=None,
                                fill_value_numerical=None,
                                numeric_stra...
                ('dummy', Dummify(target='Success')),
                ('fix_perfect', Remove_100(target='Success')),
                ('clean_names', Clean_Colum_Names()),
                ('feature_select', 'passthrough'),
                ('fix_multi',
                 Fix_multicollinearity(correlation_with_target_preference=None,
                                       correlation_with_target_threshold=0.0,
                                       target_variable='Success',
                                       threshold=0.9)),
                ('dfs', 'passthrough'), ('pca', 'passthrough')],
         verbose=False)
2024-11-09 19:02:22,012:INFO:setup() succesfully completed......................................
2024-11-09 19:05:31,440:WARNING:
'cuml' is a soft dependency and not included in the pycaret installation. Please run: `pip install cuml` to install.
2024-11-09 19:05:31,441:WARNING:
'cuml' is a soft dependency and not included in the pycaret installation. Please run: `pip install cuml` to install.
2024-11-09 19:05:31,441:WARNING:
'cuml' is a soft dependency and not included in the pycaret installation. Please run: `pip install cuml` to install.
2024-11-09 19:05:31,441:WARNING:
'cuml' is a soft dependency and not included in the pycaret installation. Please run: `pip install cuml` to install.
2024-11-09 19:05:33,608:INFO:PyCaret ClassificationExperiment
2024-11-09 19:05:33,609:INFO:Logging name: clf-default-name
2024-11-09 19:05:33,609:INFO:ML Usecase: MLUsecase.CLASSIFICATION
2024-11-09 19:05:33,609:INFO:version 3.2.0
2024-11-09 19:05:33,609:INFO:Initializing setup()
2024-11-09 19:05:33,609:INFO:self.USI: 5ddf
2024-11-09 19:05:33,609:INFO:self._variable_keys: {'fold_generator', 'fold_groups_param', 'target_param', 'gpu_n_jobs_param', 'html_param', 'logging_param', 'USI', 'fold_shuffle_param', 'n_jobs_param', 'exp_id', 'y', 'X_test', 'exp_name_log', 'is_multiclass', 'y_test', '_available_plots', 'log_plots_param', 'fix_imbalance', 'idx', 'data', 'gpu_param', 'memory', 'X_train', 'seed', '_ml_usecase', 'pipeline', 'X', 'y_train'}
2024-11-09 19:05:33,609:INFO:Checking environment
2024-11-09 19:05:33,609:INFO:python_version: 3.8.20
2024-11-09 19:05:33,609:INFO:python_build: ('default', 'Oct  3 2024 10:25:41')
2024-11-09 19:05:33,609:INFO:machine: x86_64
2024-11-09 19:05:33,609:INFO:platform: macOS-10.16-x86_64-i386-64bit
2024-11-09 19:05:33,609:INFO:Memory: svmem(total=17179869184, available=681447424, percent=96.0, used=1542262784, free=8458240, active=675840000, inactive=644681728, wired=866422784)
2024-11-09 19:05:33,609:INFO:Physical Core: 8
2024-11-09 19:05:33,609:INFO:Logical Core: 8
2024-11-09 19:05:33,609:INFO:Checking libraries
2024-11-09 19:05:33,609:INFO:System:
2024-11-09 19:05:33,610:INFO:    python: 3.8.20 (default, Oct  3 2024, 10:25:41)  [Clang 14.0.6 ]
2024-11-09 19:05:33,610:INFO:executable: /Users/minjoo/opt/anaconda3/envs/venv/bin/python
2024-11-09 19:05:33,610:INFO:   machine: macOS-10.16-x86_64-i386-64bit
2024-11-09 19:05:33,610:INFO:PyCaret required dependencies:
2024-11-09 19:07:22,199:INFO:PyCaret ClassificationExperiment
2024-11-09 19:07:22,199:INFO:Logging name: clf-default-name
2024-11-09 19:07:22,199:INFO:ML Usecase: MLUsecase.CLASSIFICATION
2024-11-09 19:07:22,200:INFO:version 3.2.0
2024-11-09 19:07:22,200:INFO:Initializing setup()
2024-11-09 19:07:22,200:INFO:self.USI: 6732
2024-11-09 19:07:22,200:INFO:self._variable_keys: {'fold_generator', 'fold_groups_param', 'target_param', 'gpu_n_jobs_param', 'html_param', 'logging_param', 'USI', 'fold_shuffle_param', 'n_jobs_param', 'exp_id', 'y', 'X_test', 'exp_name_log', 'is_multiclass', 'y_test', '_available_plots', 'log_plots_param', 'fix_imbalance', 'idx', 'data', 'gpu_param', 'memory', 'X_train', 'seed', '_ml_usecase', 'pipeline', 'X', 'y_train'}
2024-11-09 19:07:22,200:INFO:Checking environment
2024-11-09 19:07:22,200:INFO:python_version: 3.8.20
2024-11-09 19:07:22,200:INFO:python_build: ('default', 'Oct  3 2024 10:25:41')
2024-11-09 19:07:22,200:INFO:machine: x86_64
2024-11-09 19:07:22,200:INFO:platform: macOS-10.16-x86_64-i386-64bit
2024-11-09 19:07:22,200:INFO:Memory: svmem(total=17179869184, available=657899520, percent=96.2, used=1568993280, free=8257536, active=654282752, inactive=640466944, wired=914710528)
2024-11-09 19:07:22,200:INFO:Physical Core: 8
2024-11-09 19:07:22,200:INFO:Logical Core: 8
2024-11-09 19:07:22,200:INFO:Checking libraries
2024-11-09 19:07:22,200:INFO:System:
2024-11-09 19:07:22,200:INFO:    python: 3.8.20 (default, Oct  3 2024, 10:25:41)  [Clang 14.0.6 ]
2024-11-09 19:07:22,200:INFO:executable: /Users/minjoo/opt/anaconda3/envs/venv/bin/python
2024-11-09 19:07:22,200:INFO:   machine: macOS-10.16-x86_64-i386-64bit
2024-11-09 19:07:22,200:INFO:PyCaret required dependencies:
